
> vibe-generated-app@1.0.0 dev
> vite


  VITE v5.4.20  ready in 220 ms

  ➜  Local:   http://localhost:3000/
  ➜  Network: http://172.20.10.255:3000/
5:11:52 PM [vite] Pre-transform error: Failed to resolve import "@supabase/supabase-js" from "src/lib/supabaseClient.js". Does the file exist?
5:11:52 PM [vite] Pre-transform error: Failed to resolve import "@supabase/supabase-js" from "src/lib/supabaseClient.js". Does the file exist?
5:11:56 PM [vite] Internal server error: Failed to resolve import "@supabase/supabase-js" from "src/lib/supabaseClient.js". Does the file exist?
  Plugin: vite:import-analysis
  File: /home/workspace/src/lib/supabaseClient.js:1:31
  1  |  import { createClient } from '@supabase/supabase-js';
     |                                ^
  2  |  
  3  |  const supabaseUrl = import.meta.env.VITE_SUPABASE_URL;
      at TransformPluginContext._formatError (file:///home/workspace/node_modules/vite/dist/node/chunks/dep-D_zLpgQd.js:49258:41)
      at TransformPluginContext.error (file:///home/workspace/node_modules/vite/dist/node/chunks/dep-D_zLpgQd.js:49253:16)
      at normalizeUrl (file:///home/workspace/node_modules/vite/dist/node/chunks/dep-D_zLpgQd.js:64306:23)
      at async file:///home/workspace/node_modules/vite/dist/node/chunks/dep-D_zLpgQd.js:64438:39
      at async Promise.all (index 0)
      at async TransformPluginContext.transform (file:///home/workspace/node_modules/vite/dist/node/chunks/dep-D_zLpgQd.js:64365:7)
      at async PluginContainer.transform (file:///home/workspace/node_modules/vite/dist/node/chunks/dep-D_zLpgQd.js:49099:18)
      at async loadAndTransform (file:///home/workspace/node_modules/vite/dist/node/chunks/dep-D_zLpgQd.js:51977:27)
      at async viteTransformMiddleware (file:///home/workspace/node_modules/vite/dist/node/chunks/dep-D_zLpgQd.js:62105:24)
5:11:59 PM [vite] Internal server error: Failed to resolve import "@supabase/supabase-js" from "src/lib/supabaseClient.js". Does the file exist?
  Plugin: vite:import-analysis
  File: /home/workspace/src/lib/supabaseClient.js:1:31
  1  |  import { createClient } from '@supabase/supabase-js';
     |                                ^
  2  |  
  3  |  const supabaseUrl = import.meta.env.VITE_SUPABASE_URL;
      at TransformPluginContext._formatError (file:///home/workspace/node_modules/vite/dist/node/chunks/dep-D_zLpgQd.js:49258:41)
      at TransformPluginContext.error (file:///home/workspace/node_modules/vite/dist/node/chunks/dep-D_zLpgQd.js:49253:16)
      at normalizeUrl (file:///home/workspace/node_modules/vite/dist/node/chunks/dep-D_zLpgQd.js:64306:23)
      at async file:///home/workspace/node_modules/vite/dist/node/chunks/dep-D_zLpgQd.js:64438:39
      at async Promise.all (index 0)
      at async TransformPluginContext.transform (file:///home/workspace/node_modules/vite/dist/node/chunks/dep-D_zLpgQd.js:64365:7)
      at async PluginContainer.transform (file:///home/workspace/node_modules/vite/dist/node/chunks/dep-D_zLpgQd.js:49099:18)
      at async loadAndTransform (file:///home/workspace/node_modules/vite/dist/node/chunks/dep-D_zLpgQd.js:51977:27)
      at async viteTransformMiddleware (file:///home/workspace/node_modules/vite/dist/node/chunks/dep-D_zLpgQd.js:62105:24)
